0 info it worked if it ends with ok
1 verbose cli [ '/usr/bin/nodejs', '/usr/bin/npm', 'install', '--force' ]
2 info using npm@3.5.2
3 info using node@v14.15.1
4 warn using --force I sure hope you know what you are doing.
5 verbose stack Error: Cannot find module 'ansi'
5 verbose stack Require stack:
5 verbose stack - /usr/share/npm/lib/ls.js
5 verbose stack - /usr/share/npm/lib/install.js
5 verbose stack - /usr/share/npm/lib/npm.js
5 verbose stack - /usr/share/npm/bin/npm-cli.js
5 verbose stack     at Function.Module._resolveFilename (internal/modules/cjs/loader.js:880:15)
5 verbose stack     at Function.Module._load (internal/modules/cjs/loader.js:725:27)
5 verbose stack     at Module.require (internal/modules/cjs/loader.js:952:19)
5 verbose stack     at require (internal/modules/cjs/helpers.js:88:18)
5 verbose stack     at Object.<anonymous> (/usr/share/npm/lib/ls.js:15:13)
5 verbose stack     at Module._compile (internal/modules/cjs/loader.js:1063:30)
5 verbose stack     at Object.Module._extensions..js (internal/modules/cjs/loader.js:1092:10)
5 verbose stack     at Module.load (internal/modules/cjs/loader.js:928:32)
5 verbose stack     at Function.Module._load (internal/modules/cjs/loader.js:769:14)
5 verbose stack     at Module.require (internal/modules/cjs/loader.js:952:19)
6 verbose cwd /home/lio/projects/airfaresTracker/Server
7 error Linux 4.4.0-194-generic
8 error argv "/usr/bin/nodejs" "/usr/bin/npm" "install" "--force"
9 error node v14.15.1
10 error npm  v3.5.2
11 error code MODULE_NOT_FOUND
12 error Cannot find module 'ansi'
12 error Require stack:
12 error - /usr/share/npm/lib/ls.js
12 error - /usr/share/npm/lib/install.js
12 error - /usr/share/npm/lib/npm.js
12 error - /usr/share/npm/bin/npm-cli.js
13 error If you need help, you may report this error at:
13 error     <https://github.com/npm/npm/issues>
14 verbose exit [ 1, true ]
